Start testing: May 17 15:44 MSK
----------------------------------------------------------
1/1 Testing: check
1/1 Test: check
Command: "/home/vita/Vita927/workspace/homework/banking/_build/check"
Directory: /home/vita/Vita927/workspace/homework/banking/_build
"check" start time: May 17 15:44 MSK
Output:
----------------------------------------------------------
Running main() from /home/vita/Vita927/workspace/homework/banking/third-party/gtest/googletest/src/gtest_main.cc
[==========] Running 10 tests from 2 test suites.
[----------] Global test environment set-up.
[----------] 7 tests from AccountTest
[ RUN      ] AccountTest.ConstructorAndGetters
[       OK ] AccountTest.ConstructorAndGetters (0 ms)
[ RUN      ] AccountTest.Deposit
[       OK ] AccountTest.Deposit (0 ms)
[ RUN      ] AccountTest.DepositNegative
[       OK ] AccountTest.DepositNegative (0 ms)
[ RUN      ] AccountTest.Withdraw
[       OK ] AccountTest.Withdraw (0 ms)
[ RUN      ] AccountTest.WithdrawNegative
[       OK ] AccountTest.WithdrawNegative (0 ms)
[ RUN      ] AccountTest.WithdrawInsufficient
[       OK ] AccountTest.WithdrawInsufficient (0 ms)
[ RUN      ] AccountTest.Transfer
[       OK ] AccountTest.Transfer (0 ms)
[----------] 7 tests from AccountTest (0 ms total)

[----------] 3 tests from TransactionTest
[ RUN      ] TransactionTest.ExecuteSuccess
[       OK ] TransactionTest.ExecuteSuccess (0 ms)
[ RUN      ] TransactionTest.ExecuteWrongIds
[       OK ] TransactionTest.ExecuteWrongIds (0 ms)
[ RUN      ] TransactionTest.ExecuteInsufficientFunds
[       OK ] TransactionTest.ExecuteInsufficientFunds (0 ms)
[----------] 3 tests from TransactionTest (0 ms total)

[----------] Global test environment tear-down
[==========] 10 tests from 2 test suites ran. (0 ms total)
[  PASSED  ] 10 tests.
<end of output>
Test time =   0.01 sec
----------------------------------------------------------
Test Passed.
"check" end time: May 17 15:44 MSK
"check" time elapsed: 00:00:00
----------------------------------------------------------

End testing: May 17 15:44 MSK
